*******************************
30-Nov-2021 21:08:36
Method : Average
*******************************

Round 1:
OD_now :
[17.09 15.42 3.93;17.82 61.8 11.67;4.43 11.39 19.19]
F_O :
[0.954994511525796 1.01161134844999 1.01685232790631]
F_D :
[0.963963652770717 1.01048228134522 1.0143384578902]

Round 2:
OD_now :
[16.4 15.15 3.87;17.6 62.48 11.82;4.39 11.55 19.49]
F_O :
[0.982495765104461 1.00489662676823 1.00479819362122]
F_D :
[0.987817923938526 1.00402371551917 1.00309365974986]

Round 3:
OD_now :
[16.16 15.05 3.84;17.54 62.76 11.87;4.37 11.6 19.57]
F_O :
[0.992867332382311 1.00195291309537 1.00168823860439]
F_D :
[0.99612109535067 1.00144094564366 1.00025042375283]

*******************************



*******************************
30-Nov-2021 21:08:40
Method : Detroit
*******************************

Round 1:
OD_now :
[15.24 14.65 3.78;17.09 63.48 12.17;4.31 11.89 20.35]
F_O :
[1.03356103356103 0.995794694845806 0.974008207934337]
F_D :
[1.03499809224891 0.994654909464563 0.972144213498623]

Round 2:
OD_now :
[16.32 15.08 3.8;17.64 62.96 11.8;4.35 11.53 19.29]
F_O :
[0.988636363636364 0.999458874458874 1.01222632925789]
F_D :
[0.989880712607674 0.999652059283242 1.0114312109487]

Round 3:
OD_now :
[15.97 14.91 3.8;17.45 62.91 11.93;4.36 11.67 19.75]
F_O :
[1.00346020761246 1.00065012460722 0.994969256567915]
F_D :
[1.00376733986236 1.00054570287183 0.994612033540022]

*******************************



*******************************
30-Nov-2021 21:08:42
Method : Fratar
*******************************

Round 1:
OD_now :
[15.76 14.86 3.8;17.35 63.18 11.98;4.33 11.7 19.8]
F_O :
[1.0110400929692 0.998270457247865 0.993580798213787]
F_D :
[1.01288274839744 0.997758356919991 0.991816609050028]

Round 2:
OD_now :
[16.08 14.96 3.81;17.52 62.94 11.88;4.36 11.62 19.58]
F_O :
[0.998565279770445 1.00010829542993 1.00112485939258]
F_D :
[0.999007642255005 1.0002103993521 1.00053402183159]

*******************************



*******************************
30-Nov-2021 21:08:44
Method : Furness
*******************************

Round 1:
OD_now :
[16.96 14.27 3.58;19.02 61.83 11.5;4.8 11.58 19.22]
F_O :
[0.224473324286461 0.260919918497859 0.269598382225289]
F_D :
[1 1 1]

Round 2:
OD_now :
[15.77 14.57 3.68;17.69 63.14 11.83;4.46 11.83 19.77]
F_O :
[1.02292768959436 0.996654435570904 0.987243483083749]
F_D :
[0.929924720451202 1.02120021612682 1.02882900728863]

Round 3:
OD_now :
[16.13 14.9 3.76;17.63 62.93 11.79;4.4 11.68 19.52]
F_O :
[1.02292768959436 0.996654435570904 0.987243483083749]
F_D :
[0.993771753144654 1.00032214221875 1.00623994724836]

Round 4:
OD_now :
[16.03 14.9 3.78;17.52 62.95 11.86;4.37 11.68 19.64]
F_O :
[1.00259291270527 1.00021661431821 0.997478285233959]
F_D :
[0.993771753144654 1.00032214221875 1.00623994724836]

*******************************



*******************************
30-Nov-2021 22:16:40
Method : Detroit
*******************************

Round 1:
OD_now :
[15.24 14.65 3.78;17.09 63.48 12.17;4.31 11.89 20.35]
F_O :
[1.03356103356103 0.995794694845806 0.974008207934337]
F_D :
[1.03499809224891 0.994654909464563 0.972144213498623]

Round 2:
OD_now :
[16.32 15.08 3.8;17.64 62.96 11.8;4.35 11.53 19.29]
F_O :
[0.988636363636364 0.999458874458874 1.01222632925789]
F_D :
[0.989880712607674 0.999652059283242 1.0114312109487]

Round 3:
OD_now :
[15.97 14.91 3.8;17.45 62.91 11.93;4.36 11.67 19.75]
F_O :
[1.00346020761246 1.00065012460722 0.994969256567915]
F_D :
[1.00376733986236 1.00054570287183 0.994612033540022]

*******************************



